# JRE version: Java(TM) SE Runtime Environment (7.0_45-b18) (build 1.7.0_45-b18)
# Java VM: Java HotSpot(TM) 64-Bit Server VM (24.45-b08 mixed mode linux-amd64 compressed oops)
Heap
 PSYoungGen      total 153600K, used 153584K [0x00000000eaa80000, 0x00000000fd680000, 0x0000000100000000)
  eden space 132096K, 100% used [0x00000000eaa80000,0x00000000f2b80000,0x00000000f2b80000)
  from space 21504K, 99% used [0x00000000f2b80000,0x00000000f407c268,0x00000000f4080000)
  to   space 21504K, 59% used [0x00000000fc180000,0x00000000fce16550,0x00000000fd680000)
 ParOldGen       total 698880K, used 47147K [0x00000000c0000000, 0x00000000eaa80000, 0x00000000eaa80000)
  object space 698880K, 6% used [0x00000000c0000000,0x00000000c2e0afb8,0x00000000eaa80000)
 PSPermGen       total 49664K, used 49392K [0x00000000b0000000, 0x00000000b3080000, 0x00000000c0000000)
  object space 49664K, 99% used [0x00000000b0000000,0x00000000b303c030,0x00000000b3080000)
GC Heap History (7 events):
Event: 6,991 GC heap before
{Heap before GC invocations=1 (full 0):
 PSYoungGen      total 153600K, used 132096K [0x00000000eaa80000, 0x00000000f5580000, 0x0000000100000000)
  eden space 132096K, 100% used [0x00000000eaa80000,0x00000000f2b80000,0x00000000f2b80000)
  from space 21504K, 0% used [0x00000000f4080000,0x00000000f4080000,0x00000000f5580000)
  to   space 21504K, 0% used [0x00000000f2b80000,0x00000000f2b80000,0x00000000f4080000)
 ParOldGen       total 349696K, used 0K [0x00000000c0000000, 0x00000000d5580000, 0x00000000eaa80000)
  object space 349696K, 0% used [0x00000000c0000000,0x00000000c0000000,0x00000000d5580000)
 PSPermGen       total 21504K, used 17609K [0x00000000b0000000, 0x00000000b1500000, 0x00000000c0000000)
  object space 21504K, 81% used [0x00000000b0000000,0x00000000b11327b0,0x00000000b1500000)
Event: 7,017 GC heap after
Heap after GC invocations=1 (full 0):
 PSYoungGen      total 153600K, used 11209K [0x00000000eaa80000, 0x00000000f5580000, 0x0000000100000000)
  eden space 132096K, 0% used [0x00000000eaa80000,0x00000000eaa80000,0x00000000f2b80000)
  from space 21504K, 52% used [0x00000000f2b80000,0x00000000f3672608,0x00000000f4080000)
  to   space 21504K, 0% used [0x00000000f4080000,0x00000000f4080000,0x00000000f5580000)
 ParOldGen       total 349696K, used 72K [0x00000000c0000000, 0x00000000d5580000, 0x00000000eaa80000)
  object space 349696K, 0% used [0x00000000c0000000,0x00000000c0012010,0x00000000d5580000)
 PSPermGen       total 21504K, used 17609K [0x00000000b0000000, 0x00000000b1500000, 0x00000000c0000000)
  object space 21504K, 81% used [0x00000000b0000000,0x00000000b11327b0,0x00000000b1500000)
}
Event: 10,668 GC heap before
{Heap before GC invocations=2 (full 0):
 PSYoungGen      total 153600K, used 143305K [0x00000000eaa80000, 0x00000000f5580000, 0x0000000100000000)
  eden space 132096K, 100% used [0x00000000eaa80000,0x00000000f2b80000,0x00000000f2b80000)
  from space 21504K, 52% used [0x00000000f2b80000,0x00000000f3672608,0x00000000f4080000)
  to   space 21504K, 0% used [0x00000000f4080000,0x00000000f4080000,0x00000000f5580000)
 ParOldGen       total 349696K, used 72K [0x00000000c0000000, 0x00000000d5580000, 0x00000000eaa80000)
  object space 349696K, 0% used [0x00000000c0000000,0x00000000c0012010,0x00000000d5580000)
 PSPermGen       total 37888K, used 37654K [0x00000000b0000000, 0x00000000b2500000, 0x00000000c0000000)
  object space 37888K, 99% used [0x00000000b0000000,0x00000000b24c5be8,0x00000000b2500000)
Event: 10,752 GC heap after
Heap after GC invocations=2 (full 0):
 PSYoungGen      total 153600K, used 21496K [0x00000000eaa80000, 0x00000000fd680000, 0x0000000100000000)
  eden space 132096K, 0% used [0x00000000eaa80000,0x00000000eaa80000,0x00000000f2b80000)
  from space 21504K, 99% used [0x00000000f4080000,0x00000000f557e048,0x00000000f5580000)
  to   space 21504K, 0% used [0x00000000f2b80000,0x00000000f2b80000,0x00000000f4080000)
 ParOldGen       total 349696K, used 26610K [0x00000000c0000000, 0x00000000d5580000, 0x00000000eaa80000)
  object space 349696K, 7% used [0x00000000c0000000,0x00000000c19fc948,0x00000000d5580000)
 PSPermGen       total 37888K, used 37654K [0x00000000b0000000, 0x00000000b2500000, 0x00000000c0000000)
  object space 37888K, 99% used [0x00000000b0000000,0x00000000b24c5be8,0x00000000b2500000)
}
Event: 16,199 GC heap before
{Heap before GC invocations=3 (full 0):
 PSYoungGen      total 153600K, used 153592K [0x00000000eaa80000, 0x00000000fd680000, 0x0000000100000000)
  eden space 132096K, 100% used [0x00000000eaa80000,0x00000000f2b80000,0x00000000f2b80000)
  from space 21504K, 99% used [0x00000000f4080000,0x00000000f557e048,0x00000000f5580000)
  to   space 21504K, 0% used [0x00000000f2b80000,0x00000000f2b80000,0x00000000f4080000)
 ParOldGen       total 349696K, used 26610K [0x00000000c0000000, 0x00000000d5580000, 0x00000000eaa80000)
  object space 349696K, 7% used [0x00000000c0000000,0x00000000c19fc948,0x00000000d5580000)
 PSPermGen       total 47104K, used 46736K [0x00000000b0000000, 0x00000000b2e00000, 0x00000000c0000000)
  object space 47104K, 99% used [0x00000000b0000000,0x00000000b2da4248,0x00000000b2e00000)
Event: 16,312 GC heap after
Heap after GC invocations=3 (full 0):
 PSYoungGen      total 153600K, used 21488K [0x00000000eaa80000, 0x00000000fd680000, 0x0000000100000000)
  eden space 132096K, 0% used [0x00000000eaa80000,0x00000000eaa80000,0x00000000f2b80000)
  from space 21504K, 99% used [0x00000000f2b80000,0x00000000f407c268,0x00000000f4080000)
  to   space 21504K, 0% used [0x00000000fc180000,0x00000000fc180000,0x00000000fd680000)
 ParOldGen       total 349696K, used 47147K [0x00000000c0000000, 0x00000000d5580000, 0x00000000eaa80000)
  object space 349696K, 13% used [0x00000000c0000000,0x00000000c2e0afb8,0x00000000d5580000)
 PSPermGen       total 47104K, used 46736K [0x00000000b0000000, 0x00000000b2e00000, 0x00000000c0000000)
  object space 47104K, 99% used [0x00000000b0000000,0x00000000b2da4248,0x00000000b2e00000)
}
Event: 19,787 GC heap before
{Heap before GC invocations=4 (full 0):
 PSYoungGen      total 153600K, used 153584K [0x00000000eaa80000, 0x00000000fd680000, 0x0000000100000000)
  eden space 132096K, 100% used [0x00000000eaa80000,0x00000000f2b80000,0x00000000f2b80000)
  from space 21504K, 99% used [0x00000000f2b80000,0x00000000f407c268,0x00000000f4080000)
  to   space 21504K, 0% used [0x00000000fc180000,0x00000000fc180000,0x00000000fd680000)
 ParOldGen       total 349696K, used 47147K [0x00000000c0000000, 0x00000000d5580000, 0x00000000eaa80000)
  object space 349696K, 13% used [0x00000000c0000000,0x00000000c2e0afb8,0x00000000d5580000)
 PSPermGen       total 49664K, used 49392K [0x00000000b0000000, 0x00000000b3080000, 0x00000000c0000000)
  object space 49664K, 99% used [0x00000000b0000000,0x00000000b303c030,0x00000000b3080000)

